<?xml version="1.0" encoding="utf-8"?><testsuites name="pytest tests"><testsuite name="pytest" errors="0" failures="0" skipped="0" tests="14" time="1.957" timestamp="2026-06-08T23:14:18.106331+00:00" hostname="agent-env-d0dc3a20-9c49-489c-9d58-c11cb3c4b097"><testcase classname="backend.tests.test_auth_no_phone.TestRegister" name="test_register_returns_token_and_needs_setup_false" time="0.465" /><testcase classname="backend.tests.test_auth_no_phone.TestRegister" name="test_register_duplicate_email_returns_400" time="0.096" /><testcase classname="backend.tests.test_auth_no_phone.TestRegister" name="test_register_duplicate_username_returns_400" time="0.079" /><testcase classname="backend.tests.test_auth_no_phone.TestRegister" name="test_register_invalid_username" time="0.071" /><testcase classname="backend.tests.test_auth_no_phone.TestRegister" name="test_register_weak_password" time="0.058" /><testcase classname="backend.tests.test_auth_no_phone.TestRegister" name="test_register_password_no_digit" time="0.051" /><testcase classname="backend.tests.test_auth_no_phone.TestOTPRemoved" name="test_send_otp_404" time="0.052" /><testcase classname="backend.tests.test_auth_no_phone.TestOTPRemoved" name="test_verify_otp_404" time="0.053" /><testcase classname="backend.tests.test_auth_no_phone.TestLogin" name="test_login_works_for_new_user" time="0.287" /><testcase classname="backend.tests.test_auth_no_phone.TestLogin" name="test_login_bad_password" time="0.282" /><testcase classname="backend.tests.test_auth_no_phone.TestGoogleCompleteSetup" name="test_complete_setup_noop_for_email_user" time="0.056" /><testcase classname="backend.tests.test_auth_no_phone.TestGoogleCompleteSetup" name="test_complete_setup_requires_auth" time="0.052" /><testcase classname="backend.tests.test_auth_no_phone.TestOnboardingAndTour" name="test_onboard_then_seen_tour" time="0.222" /><testcase classname="backend.tests.test_auth_no_phone.TestMe" name="test_me_returns_no_phone" time="0.055" /></testsuite></testsuites>