<?xml version="1.0" encoding="utf-8"?><testsuites name="pytest tests"><testsuite name="pytest" errors="0" failures="1" skipped="0" tests="36" time="8.272" timestamp="2026-06-01T05:12:09.576660+00:00" hostname="agent-env-d0dc3a20-9c49-489c-9d58-c11cb3c4b097"><testcase classname="backend.tests.test_atho_api" name="test_01_register_user_a" time="0.444" /><testcase classname="backend.tests.test_atho_api" name="test_02_register_user_b" time="0.340" /><testcase classname="backend.tests.test_atho_api" name="test_03_login" time="0.334" /><testcase classname="backend.tests.test_atho_api" name="test_04_login_bad_password" time="0.330" /><testcase classname="backend.tests.test_atho_api" name="test_05_get_me" time="0.097" /><testcase classname="backend.tests.test_atho_api" name="test_06_get_me_no_token" time="0.096" /><testcase classname="backend.tests.test_atho_api" name="test_07_google_session_bad" time="0.224" /><testcase classname="backend.tests.test_atho_api" name="test_10_onboard" time="0.109" /><testcase classname="backend.tests.test_atho_api" name="test_11_patch_me" time="0.114" /><testcase classname="backend.tests.test_atho_api" name="test_20_list_barbell_exercises" time="0.105" /><testcase classname="backend.tests.test_atho_api" name="test_21_search_bench" time="0.111" /><testcase classname="backend.tests.test_atho_api" name="test_22_create_custom_exercise" time="0.106" /><testcase classname="backend.tests.test_atho_api" name="test_30_start_workout" time="0.107" /><testcase classname="backend.tests.test_atho_api" name="test_31_active_workout" time="0.106" /><testcase classname="backend.tests.test_atho_api" name="test_32_finish_workout_with_pr" time="0.104" /><testcase classname="backend.tests.test_atho_api" name="test_33_workouts_count_incremented" time="0.101" /><testcase classname="backend.tests.test_atho_api" name="test_34_exercise_history" time="0.103" /><testcase classname="backend.tests.test_atho_api" name="test_35_user_workouts_list" time="0.107" /><testcase classname="backend.tests.test_atho_api" name="test_36_calendar" time="0.136" /><testcase classname="backend.tests.test_atho_api" name="test_40_feed" time="0.110" /><testcase classname="backend.tests.test_atho_api" name="test_41_explore" time="0.127" /><testcase classname="backend.tests.test_atho_api" name="test_42_like_unlike" time="0.211" /><testcase classname="backend.tests.test_atho_api" name="test_43_save_unsave" time="0.241" /><testcase classname="backend.tests.test_atho_api" name="test_44_comments" time="0.200" /><testcase classname="backend.tests.test_atho_api" name="test_50_search_users" time="0.105" /><testcase classname="backend.tests.test_atho_api" name="test_51_follow_public" time="0.109" /><testcase classname="backend.tests.test_atho_api" name="test_52_private_follow_pending" time="0.314" /><testcase classname="backend.tests.test_atho_api" name="test_60_notifications_and_unread" time="0.409" /><testcase classname="backend.tests.test_atho_api" name="test_70_conversations_and_messages" time="0.489" /><testcase classname="backend.tests.test_atho_api" name="test_80_analytics_overview" time="0.108" /><testcase classname="backend.tests.test_atho_api" name="test_81_analytics_exercise" time="0.111" /><testcase classname="backend.tests.test_atho_api" name="test_90_insights_402_non_premium" time="0.110" /><testcase classname="backend.tests.test_atho_api" name="test_91_subscription_status_inactive" time="0.103" /><testcase classname="backend.tests.test_atho_api" name="test_92_premium_flip_and_insights" time="1.624" /><testcase classname="backend.tests.test_atho_api" name="test_93_subscription_checkout" time="0.311"><failure message="AssertionError: {&quot;detail&quot;:&quot;Failed to create checkout&quot;}&#10;assert 500 == 200&#10; +  where 500 = &lt;Response [500]&gt;.status_code">backend/tests/test_atho_api.py:344: in test_93_subscription_checkout
    assert r.status_code == 200, r.text
E   AssertionError: {"detail":"Failed to create checkout"}
E   assert 500 == 200
E    +  where 500 = &lt;Response [500]&gt;.status_code</failure></testcase><testcase classname="backend.tests.test_atho_api" name="test_94_subscription_cancel" time="0.216" /></testsuite></testsuites>